<?xml version="1.0" encoding="UTF-8"?>
<!-- Generated by org.testng.reporters.JUnitReportReporter -->
<testsuite skipped="0" hostname="DESKTOP-FR57AJN" name="test.sample.Creationcompte" tests="1" failures="0" timestamp="2020-05-13T18:29:20 WET" time="25.206" errors="0">
  <testcase name="Creer" time="25.206" classname="test.sample.Creationcompte"/>
  <system-out/>
</testsuite> <!-- test.sample.Creationcompte -->
