<?xml version="1.0" encoding="UTF-8"?>
<!-- Generated by org.testng.reporters.JUnitReportReporter -->
<testsuite skipped="0" hostname="DESKTOP-FR57AJN" name="test.sample.Creationcompte" tests="1" failures="0" timestamp="2020-05-13T22:26:35 WET" time="22.635" errors="0">
  <testcase name="Creer" time="22.635" classname="test.sample.Creationcompte"/>
  <system-out/>
</testsuite> <!-- test.sample.Creationcompte -->
