<?xml version="1.0" encoding="UTF-8"?>
<!-- Generated by org.testng.reporters.JUnitReportReporter -->
<testsuite skipped="0" hostname="DESKTOP-FR57AJN" name="test.sample.Creationcompte" tests="1" failures="0" timestamp="2020-05-14T00:23:08 WET" time="21.892" errors="0">
  <testcase name="Creer" time="21.892" classname="test.sample.Creationcompte"/>
  <system-out/>
</testsuite> <!-- test.sample.Creationcompte -->
