<?xml version="1.0" encoding="UTF-8"?>
<!-- Generated by org.testng.reporters.JUnitReportReporter -->
<testsuite skipped="0" hostname="DESKTOP-FR57AJN" name="test.sample.Creationcompte" tests="1" failures="0" timestamp="2020-05-14T04:42:48 WET" time="20.790" errors="0">
  <testcase name="Creer" time="20.790" classname="test.sample.Creationcompte"/>
  <system-out/>
</testsuite> <!-- test.sample.Creationcompte -->
