<?xml version="1.0" encoding="UTF-8"?>
<!-- Generated by org.testng.reporters.JUnitReportReporter -->
<testsuite skipped="0" hostname="DESKTOP-FR57AJN" name="test.sample.login" tests="1" failures="0" timestamp="2020-05-13T22:26:35 WET" time="38.099" errors="0">
  <testcase name="logining" time="38.099" classname="test.sample.login"/>
  <system-out/>
</testsuite> <!-- test.sample.login -->
