<?xml version="1.0" encoding="UTF-8"?>
<!-- Generated by org.testng.reporters.JUnitReportReporter -->
<testsuite skipped="0" hostname="DESKTOP-FR57AJN" name="test.sample.Creationcompte" tests="1" failures="0" timestamp="2020-05-12T14:31:18 WET" time="26.878" errors="0">
  <testcase name="login" time="26.878" classname="test.sample.Creationcompte"/>
  <system-out/>
</testsuite> <!-- test.sample.Creationcompte -->
